2013/02/22 18:10:52 [error] [exception.CDbException] exception 'CDbException' with message 'CDbConnection failed to open the DB connection: SQLSTATE[28000] [1045] Access denied for user 'root'@'localhost' (using password: NO)' in D:\Ampps\www\yii\framework\db\CDbConnection.php:381
Stack trace:
#0 D:\Ampps\www\yii\framework\db\CDbConnection.php(330): CDbConnection->open()
#1 D:\Ampps\www\yii\framework\db\CDbConnection.php(308): CDbConnection->setActive(true)
#2 D:\Ampps\www\yii\framework\base\CModule.php(387): CDbConnection->init()
#3 D:\Ampps\www\yii\framework\base\CModule.php(103): CModule->getComponent('db')
#4 D:\Ampps\www\yii\framework\gii\generators\model\ModelCode.php(57): CModule->__get('db')
#5 D:\Ampps\www\yii\framework\web\CFormModel.php(39): ModelCode->init()
#6 D:\Ampps\www\yii\framework\gii\CCodeGenerator.php(153): CFormModel->__construct()
#7 D:\Ampps\www\yii\framework\gii\CCodeGenerator.php(63): CCodeGenerator->prepare()
#8 D:\Ampps\www\yii\framework\web\actions\CInlineAction.php(49): CCodeGenerator->actionIndex()
#9 D:\Ampps\www\yii\framework\web\CController.php(308): CInlineAction->runWithParams(Array)
#10 D:\Ampps\www\yii\framework\web\CController.php(286): CController->runAction(Object(CInlineAction))
#11 D:\Ampps\www\yii\framework\web\CController.php(265): CController->runActionWithFilters(Object(CInlineAction), Array)
#12 D:\Ampps\www\yii\framework\web\CWebApplication.php(282): CController->run('')
#13 D:\Ampps\www\yii\framework\web\CWebApplication.php(141): CWebApplication->runController('gii/model')
#14 D:\Ampps\www\yii\framework\base\CApplication.php(169): CWebApplication->processRequest()
#15 D:\Ampps\www\blog\index.php(13): CApplication->run()
#16 {main}
REQUEST_URI=/blog/index.php?r=gii/model
HTTP_REFERER=http://localhost/blog/index.php?r=gii/default/index
---
2013/02/22 18:13:47 [error] [exception.CDbException] exception 'CDbException' with message 'CDbConnection failed to open the DB connection: SQLSTATE[28000] [1045] Access denied for user 'root'@'localhost' (using password: YES)' in D:\Ampps\www\yii\framework\db\CDbConnection.php:381
Stack trace:
#0 D:\Ampps\www\yii\framework\db\CDbConnection.php(330): CDbConnection->open()
#1 D:\Ampps\www\yii\framework\db\CDbConnection.php(308): CDbConnection->setActive(true)
#2 D:\Ampps\www\yii\framework\base\CModule.php(387): CDbConnection->init()
#3 D:\Ampps\www\yii\framework\base\CModule.php(103): CModule->getComponent('db')
#4 D:\Ampps\www\yii\framework\gii\generators\model\ModelCode.php(57): CModule->__get('db')
#5 D:\Ampps\www\yii\framework\web\CFormModel.php(39): ModelCode->init()
#6 D:\Ampps\www\yii\framework\gii\CCodeGenerator.php(153): CFormModel->__construct()
#7 D:\Ampps\www\yii\framework\gii\CCodeGenerator.php(63): CCodeGenerator->prepare()
#8 D:\Ampps\www\yii\framework\web\actions\CInlineAction.php(49): CCodeGenerator->actionIndex()
#9 D:\Ampps\www\yii\framework\web\CController.php(308): CInlineAction->runWithParams(Array)
#10 D:\Ampps\www\yii\framework\web\CController.php(286): CController->runAction(Object(CInlineAction))
#11 D:\Ampps\www\yii\framework\web\CController.php(265): CController->runActionWithFilters(Object(CInlineAction), Array)
#12 D:\Ampps\www\yii\framework\web\CWebApplication.php(282): CController->run('')
#13 D:\Ampps\www\yii\framework\web\CWebApplication.php(141): CWebApplication->runController('gii/model')
#14 D:\Ampps\www\yii\framework\base\CApplication.php(169): CWebApplication->processRequest()
#15 D:\Ampps\www\blog\index.php(13): CApplication->run()
#16 {main}
REQUEST_URI=/blog/index.php?r=gii/model
HTTP_REFERER=http://localhost/blog/index.php?r=gii/default/index
---
2013/02/22 18:16:18 [error] [exception.CDbException] exception 'CDbException' with message 'CDbConnection failed to open the DB connection: SQLSTATE[28000] [1045] Access denied for user 'root'@'localhost' (using password: YES)' in D:\Ampps\www\yii\framework\db\CDbConnection.php:381
Stack trace:
#0 D:\Ampps\www\yii\framework\db\CDbConnection.php(330): CDbConnection->open()
#1 D:\Ampps\www\yii\framework\db\CDbConnection.php(308): CDbConnection->setActive(true)
#2 D:\Ampps\www\yii\framework\base\CModule.php(387): CDbConnection->init()
#3 D:\Ampps\www\yii\framework\base\CModule.php(103): CModule->getComponent('db')
#4 D:\Ampps\www\yii\framework\gii\generators\model\ModelCode.php(57): CModule->__get('db')
#5 D:\Ampps\www\yii\framework\web\CFormModel.php(39): ModelCode->init()
#6 D:\Ampps\www\yii\framework\gii\CCodeGenerator.php(153): CFormModel->__construct()
#7 D:\Ampps\www\yii\framework\gii\CCodeGenerator.php(63): CCodeGenerator->prepare()
#8 D:\Ampps\www\yii\framework\web\actions\CInlineAction.php(49): CCodeGenerator->actionIndex()
#9 D:\Ampps\www\yii\framework\web\CController.php(308): CInlineAction->runWithParams(Array)
#10 D:\Ampps\www\yii\framework\web\CController.php(286): CController->runAction(Object(CInlineAction))
#11 D:\Ampps\www\yii\framework\web\CController.php(265): CController->runActionWithFilters(Object(CInlineAction), Array)
#12 D:\Ampps\www\yii\framework\web\CWebApplication.php(282): CController->run('')
#13 D:\Ampps\www\yii\framework\web\CWebApplication.php(141): CWebApplication->runController('gii/model')
#14 D:\Ampps\www\yii\framework\base\CApplication.php(169): CWebApplication->processRequest()
#15 D:\Ampps\www\blog\index.php(13): CApplication->run()
#16 {main}
REQUEST_URI=/blog/index.php?r=gii/model
HTTP_REFERER=http://localhost/blog/index.php?r=gii/default/index
---
2013/02/22 18:17:28 [error] [exception.CDbException] exception 'CDbException' with message 'CDbConnection failed to open the DB connection: SQLSTATE[28000] [1045] Access denied for user 'root'@'localhost' (using password: YES)' in D:\Ampps\www\yii\framework\db\CDbConnection.php:381
Stack trace:
#0 D:\Ampps\www\yii\framework\db\CDbConnection.php(330): CDbConnection->open()
#1 D:\Ampps\www\yii\framework\db\CDbConnection.php(308): CDbConnection->setActive(true)
#2 D:\Ampps\www\yii\framework\base\CModule.php(387): CDbConnection->init()
#3 D:\Ampps\www\yii\framework\base\CModule.php(103): CModule->getComponent('db')
#4 D:\Ampps\www\yii\framework\gii\generators\model\ModelCode.php(57): CModule->__get('db')
#5 D:\Ampps\www\yii\framework\web\CFormModel.php(39): ModelCode->init()
#6 D:\Ampps\www\yii\framework\gii\CCodeGenerator.php(153): CFormModel->__construct()
#7 D:\Ampps\www\yii\framework\gii\CCodeGenerator.php(63): CCodeGenerator->prepare()
#8 D:\Ampps\www\yii\framework\web\actions\CInlineAction.php(49): CCodeGenerator->actionIndex()
#9 D:\Ampps\www\yii\framework\web\CController.php(308): CInlineAction->runWithParams(Array)
#10 D:\Ampps\www\yii\framework\web\CController.php(286): CController->runAction(Object(CInlineAction))
#11 D:\Ampps\www\yii\framework\web\CController.php(265): CController->runActionWithFilters(Object(CInlineAction), Array)
#12 D:\Ampps\www\yii\framework\web\CWebApplication.php(282): CController->run('')
#13 D:\Ampps\www\yii\framework\web\CWebApplication.php(141): CWebApplication->runController('gii/model')
#14 D:\Ampps\www\yii\framework\base\CApplication.php(169): CWebApplication->processRequest()
#15 D:\Ampps\www\blog\index.php(13): CApplication->run()
#16 {main}
REQUEST_URI=/blog/index.php?r=gii/model
HTTP_REFERER=http://localhost/blog/index.php?r=gii/default/index
---
2013/02/22 18:20:14 [error] [exception.CDbException] exception 'CDbException' with message 'CDbConnection failed to open the DB connection: SQLSTATE[28000] [1045] Access denied for user 'root'@'localhost' (using password: NO)' in D:\Ampps\www\yii\framework\db\CDbConnection.php:381
Stack trace:
#0 D:\Ampps\www\yii\framework\db\CDbConnection.php(330): CDbConnection->open()
#1 D:\Ampps\www\yii\framework\db\CDbConnection.php(308): CDbConnection->setActive(true)
#2 D:\Ampps\www\yii\framework\base\CModule.php(387): CDbConnection->init()
#3 D:\Ampps\www\yii\framework\base\CModule.php(103): CModule->getComponent('db')
#4 D:\Ampps\www\yii\framework\gii\generators\model\ModelCode.php(57): CModule->__get('db')
#5 D:\Ampps\www\yii\framework\web\CFormModel.php(39): ModelCode->init()
#6 D:\Ampps\www\yii\framework\gii\CCodeGenerator.php(153): CFormModel->__construct()
#7 D:\Ampps\www\yii\framework\gii\CCodeGenerator.php(63): CCodeGenerator->prepare()
#8 D:\Ampps\www\yii\framework\web\actions\CInlineAction.php(49): CCodeGenerator->actionIndex()
#9 D:\Ampps\www\yii\framework\web\CController.php(308): CInlineAction->runWithParams(Array)
#10 D:\Ampps\www\yii\framework\web\CController.php(286): CController->runAction(Object(CInlineAction))
#11 D:\Ampps\www\yii\framework\web\CController.php(265): CController->runActionWithFilters(Object(CInlineAction), Array)
#12 D:\Ampps\www\yii\framework\web\CWebApplication.php(282): CController->run('')
#13 D:\Ampps\www\yii\framework\web\CWebApplication.php(141): CWebApplication->runController('gii/model')
#14 D:\Ampps\www\yii\framework\base\CApplication.php(169): CWebApplication->processRequest()
#15 D:\Ampps\www\blog\index.php(13): CApplication->run()
#16 {main}
REQUEST_URI=/blog/index.php?r=gii/model
HTTP_REFERER=http://localhost/blog/index.php?r=gii/default/index
---
2013/02/22 18:24:51 [error] [exception.CDbException] exception 'CDbException' with message 'CDbConnection failed to open the DB connection: SQLSTATE[28000] [1045] Access denied for user 'root'@'localhost' (using password: NO)' in D:\Ampps\www\yii\framework\db\CDbConnection.php:381
Stack trace:
#0 D:\Ampps\www\yii\framework\db\CDbConnection.php(330): CDbConnection->open()
#1 D:\Ampps\www\yii\framework\db\CDbConnection.php(308): CDbConnection->setActive(true)
#2 D:\Ampps\www\yii\framework\base\CModule.php(387): CDbConnection->init()
#3 D:\Ampps\www\yii\framework\base\CModule.php(103): CModule->getComponent('db')
#4 D:\Ampps\www\yii\framework\gii\generators\model\ModelCode.php(57): CModule->__get('db')
#5 D:\Ampps\www\yii\framework\web\CFormModel.php(39): ModelCode->init()
#6 D:\Ampps\www\yii\framework\gii\CCodeGenerator.php(153): CFormModel->__construct()
#7 D:\Ampps\www\yii\framework\gii\CCodeGenerator.php(63): CCodeGenerator->prepare()
#8 D:\Ampps\www\yii\framework\web\actions\CInlineAction.php(49): CCodeGenerator->actionIndex()
#9 D:\Ampps\www\yii\framework\web\CController.php(308): CInlineAction->runWithParams(Array)
#10 D:\Ampps\www\yii\framework\web\CController.php(286): CController->runAction(Object(CInlineAction))
#11 D:\Ampps\www\yii\framework\web\CController.php(265): CController->runActionWithFilters(Object(CInlineAction), Array)
#12 D:\Ampps\www\yii\framework\web\CWebApplication.php(282): CController->run('')
#13 D:\Ampps\www\yii\framework\web\CWebApplication.php(141): CWebApplication->runController('gii/model')
#14 D:\Ampps\www\yii\framework\base\CApplication.php(169): CWebApplication->processRequest()
#15 D:\Ampps\www\blog\index.php(13): CApplication->run()
#16 {main}
REQUEST_URI=/blog/index.php?r=gii/model
HTTP_REFERER=http://localhost/blog/index.php?r=gii/default/index
---
2013/02/22 21:13:07 [error] [exception.CException] exception 'CException' with message 'Property "UserIdentity.id" is read only.' in D:\Ampps\www\yii\framework\base\CComponent.php:170
Stack trace:
#0 D:\Ampps\www\blog\protected\components\UserIdentity.php(29): CComponent->__set('id', '1')
#1 D:\Ampps\www\blog\protected\models\LoginForm.php(52): UserIdentity->authenticate()
#2 D:\Ampps\www\yii\framework\validators\CInlineValidator.php(42): LoginForm->authenticate('password', Array)
#3 D:\Ampps\www\yii\framework\validators\CValidator.php(213): CInlineValidator->validateAttribute(Object(LoginForm), 'password')
#4 D:\Ampps\www\yii\framework\base\CModel.php(159): CValidator->validate(Object(LoginForm), NULL)
#5 D:\Ampps\www\blog\protected\controllers\SiteController.php(94): CModel->validate()
#6 D:\Ampps\www\yii\framework\web\actions\CInlineAction.php(49): SiteController->actionLogin()
#7 D:\Ampps\www\yii\framework\web\CController.php(308): CInlineAction->runWithParams(Array)
#8 D:\Ampps\www\yii\framework\web\CController.php(286): CController->runAction(Object(CInlineAction))
#9 D:\Ampps\www\yii\framework\web\CController.php(265): CController->runActionWithFilters(Object(CInlineAction), Array)
#10 D:\Ampps\www\yii\framework\web\CWebApplication.php(282): CController->run('login')
#11 D:\Ampps\www\yii\framework\web\CWebApplication.php(141): CWebApplication->runController('site/login')
#12 D:\Ampps\www\yii\framework\base\CApplication.php(169): CWebApplication->processRequest()
#13 D:\Ampps\www\blog\index.php(13): CApplication->run()
#14 {main}
REQUEST_URI=/blog/index.php?r=site/login
HTTP_REFERER=http://localhost/blog/index.php?r=site/login
---
2013/02/22 21:16:03 [error] [exception.CException] exception 'CException' with message 'Property "UserIdentity.id" is read only.' in D:\Ampps\www\yii\framework\base\CComponent.php:170
Stack trace:
#0 D:\Ampps\www\blog\protected\components\UserIdentity.php(29): CComponent->__set('id', '1')
#1 D:\Ampps\www\blog\protected\models\LoginForm.php(52): UserIdentity->authenticate()
#2 D:\Ampps\www\yii\framework\validators\CInlineValidator.php(42): LoginForm->authenticate('password', Array)
#3 D:\Ampps\www\yii\framework\validators\CValidator.php(213): CInlineValidator->validateAttribute(Object(LoginForm), 'password')
#4 D:\Ampps\www\yii\framework\base\CModel.php(159): CValidator->validate(Object(LoginForm), NULL)
#5 D:\Ampps\www\blog\protected\controllers\SiteController.php(94): CModel->validate()
#6 D:\Ampps\www\yii\framework\web\actions\CInlineAction.php(49): SiteController->actionLogin()
#7 D:\Ampps\www\yii\framework\web\CController.php(308): CInlineAction->runWithParams(Array)
#8 D:\Ampps\www\yii\framework\web\CController.php(286): CController->runAction(Object(CInlineAction))
#9 D:\Ampps\www\yii\framework\web\CController.php(265): CController->runActionWithFilters(Object(CInlineAction), Array)
#10 D:\Ampps\www\yii\framework\web\CWebApplication.php(282): CController->run('login')
#11 D:\Ampps\www\yii\framework\web\CWebApplication.php(141): CWebApplication->runController('site/login')
#12 D:\Ampps\www\yii\framework\base\CApplication.php(169): CWebApplication->processRequest()
#13 D:\Ampps\www\blog\index.php(13): CApplication->run()
#14 {main}
REQUEST_URI=/blog/index.php?r=site/login
HTTP_REFERER=http://localhost/blog/index.php?r=site/login
---
2013/02/28 18:26:11 [error] [exception.CException] exception 'CException' with message 'Tag and its behaviors do not have a method or closure named "findTagWeights".' in D:\Ampps\www\yii\framework\base\CComponent.php:265
Stack trace:
#0 D:\Ampps\www\yii\framework\db\ar\CActiveRecord.php(225): CComponent->__call('findTagWeights', Array)
#1 D:\Ampps\www\blog\protected\components\TagCloud.php(13): CActiveRecord->__call('findTagWeights', Array)
#2 D:\Ampps\www\blog\protected\components\TagCloud.php(13): Tag->findTagWeights(NULL)
#3 D:\Ampps\www\yii\framework\zii\widgets\CPortlet.php(94): TagCloud->renderContent()
#4 D:\Ampps\www\yii\framework\web\CBaseController.php(173): CPortlet->run()
#5 D:\Ampps\www\blog\protected\views\layouts\main.php(64): CBaseController->widget('TagCloud', Array)
#6 D:\Ampps\www\yii\framework\web\CBaseController.php(126): require('D:\Ampps\www\bl...')
#7 D:\Ampps\www\yii\framework\web\CBaseController.php(95): CBaseController->renderInternal('D:\Ampps\www\bl...', Array, true)
#8 D:\Ampps\www\yii\framework\web\widgets\CContentDecorator.php(76): CBaseController->renderFile('D:\Ampps\www\bl...', Array, true)
#9 D:\Ampps\www\yii\framework\web\widgets\CContentDecorator.php(54): CContentDecorator->decorate('<div id="conten...')
#10 D:\Ampps\www\yii\framework\web\widgets\COutputProcessor.php(44): CContentDecorator->processOutput('<div id="conten...')
#11 D:\Ampps\www\yii\framework\web\CBaseController.php(206): COutputProcessor->run()
#12 D:\Ampps\www\yii\framework\web\CBaseController.php(300): CBaseController->endWidget('CContentDecorat...')
#13 D:\Ampps\www\blog\protected\views\layouts\column1.php(6): CBaseController->endContent()
#14 D:\Ampps\www\yii\framework\web\CBaseController.php(126): require('D:\Ampps\www\bl...')
#15 D:\Ampps\www\yii\framework\web\CBaseController.php(95): CBaseController->renderInternal('D:\Ampps\www\bl...', Array, true)
#16 D:\Ampps\www\yii\framework\web\CController.php(784): CBaseController->renderFile('D:\Ampps\www\bl...', Array, true)
#17 D:\Ampps\www\blog\protected\controllers\SiteController.php(98): CController->render('login', Array)
#18 D:\Ampps\www\yii\framework\web\actions\CInlineAction.php(49): SiteController->actionLogin()
#19 D:\Ampps\www\yii\framework\web\CController.php(308): CInlineAction->runWithParams(Array)
#20 D:\Ampps\www\yii\framework\web\CController.php(286): CController->runAction(Object(CInlineAction))
#21 D:\Ampps\www\yii\framework\web\CController.php(265): CController->runActionWithFilters(Object(CInlineAction), Array)
#22 D:\Ampps\www\yii\framework\web\CWebApplication.php(282): CController->run('login')
#23 D:\Ampps\www\yii\framework\web\CWebApplication.php(141): CWebApplication->runController('site/login')
#24 D:\Ampps\www\yii\framework\base\CApplication.php(169): CWebApplication->processRequest()
#25 D:\Ampps\www\blog\index.php(13): CApplication->run()
#26 {main}
REQUEST_URI=/blog/index.php?r=site/login
HTTP_REFERER=http://localhost/blog/index.php?r=site/login
---
2013/02/28 18:40:11 [error] [php] Object of class Tag could not be converted to string (D:\Ampps\www\blog\protected\components\TagCloud.php:20)
Stack trace:
#0 D:\Ampps\www\blog\protected\views\layouts\main.php(64): SiteController->widget()
#1 D:\Ampps\www\yii\framework\web\CBaseController.php(126): require()
#2 D:\Ampps\www\yii\framework\web\CBaseController.php(95): SiteController->renderInternal()
#3 D:\Ampps\www\yii\framework\web\widgets\CContentDecorator.php(76): SiteController->renderFile()
#4 D:\Ampps\www\yii\framework\web\widgets\CContentDecorator.php(54): CContentDecorator->decorate()
#5 D:\Ampps\www\yii\framework\web\widgets\COutputProcessor.php(44): CContentDecorator->processOutput()
#6 D:\Ampps\www\yii\framework\web\CBaseController.php(206): CContentDecorator->run()
#7 D:\Ampps\www\yii\framework\web\CBaseController.php(300): SiteController->endWidget()
#8 D:\Ampps\www\blog\protected\views\layouts\column1.php(6): SiteController->endContent()
#9 D:\Ampps\www\yii\framework\web\CBaseController.php(126): require()
#10 D:\Ampps\www\yii\framework\web\CBaseController.php(95): SiteController->renderInternal()
#11 D:\Ampps\www\yii\framework\web\CController.php(784): SiteController->renderFile()
#12 D:\Ampps\www\blog\protected\controllers\SiteController.php(98): SiteController->render()
#13 D:\Ampps\www\yii\framework\web\actions\CInlineAction.php(49): SiteController->actionLogin()
#14 D:\Ampps\www\yii\framework\web\CController.php(308): CInlineAction->runWithParams()
#15 D:\Ampps\www\yii\framework\web\CController.php(286): SiteController->runAction()
#16 D:\Ampps\www\yii\framework\web\CController.php(265): SiteController->runActionWithFilters()
#17 D:\Ampps\www\yii\framework\web\CWebApplication.php(282): SiteController->run()
#18 D:\Ampps\www\yii\framework\web\CWebApplication.php(141): CWebApplication->runController()
#19 D:\Ampps\www\yii\framework\base\CApplication.php(169): CWebApplication->processRequest()
#20 D:\Ampps\www\blog\index.php(13): CWebApplication->run()
REQUEST_URI=/blog/index.php?r=site/login
in D:\Ampps\www\blog\protected\components\TagCloud.php (20)
in D:\Ampps\www\blog\protected\views\layouts\main.php (64)
in D:\Ampps\www\blog\protected\views\layouts\column1.php (6)
2013/02/28 18:45:56 [error] [exception.CException] exception 'CException' with message 'RecentComments cannot find the view "recentComments".' in D:\Ampps\www\yii\framework\web\widgets\CWidget.php:245
Stack trace:
#0 D:\Ampps\www\blog\protected\components\RecentComments.php(27): CWidget->render('recentComments')
#1 D:\Ampps\www\yii\framework\zii\widgets\CPortlet.php(94): RecentComments->renderContent()
#2 D:\Ampps\www\yii\framework\web\CBaseController.php(173): CPortlet->run()
#3 D:\Ampps\www\blog\protected\views\layouts\main.php(67): CBaseController->widget('RecentComments', Array)
#4 D:\Ampps\www\yii\framework\web\CBaseController.php(126): require('D:\Ampps\www\bl...')
#5 D:\Ampps\www\yii\framework\web\CBaseController.php(95): CBaseController->renderInternal('D:\Ampps\www\bl...', Array, true)
#6 D:\Ampps\www\yii\framework\web\widgets\CContentDecorator.php(76): CBaseController->renderFile('D:\Ampps\www\bl...', Array, true)
#7 D:\Ampps\www\yii\framework\web\widgets\CContentDecorator.php(54): CContentDecorator->decorate('<div id="conten...')
#8 D:\Ampps\www\yii\framework\web\widgets\COutputProcessor.php(44): CContentDecorator->processOutput('<div id="conten...')
#9 D:\Ampps\www\yii\framework\web\CBaseController.php(206): COutputProcessor->run()
#10 D:\Ampps\www\yii\framework\web\CBaseController.php(300): CBaseController->endWidget('CContentDecorat...')
#11 D:\Ampps\www\blog\protected\views\layouts\column1.php(6): CBaseController->endContent()
#12 D:\Ampps\www\yii\framework\web\CBaseController.php(126): require('D:\Ampps\www\bl...')
#13 D:\Ampps\www\yii\framework\web\CBaseController.php(95): CBaseController->renderInternal('D:\Ampps\www\bl...', Array, true)
#14 D:\Ampps\www\yii\framework\web\CController.php(784): CBaseController->renderFile('D:\Ampps\www\bl...', Array, true)
#15 D:\Ampps\www\blog\protected\controllers\SiteController.php(98): CController->render('login', Array)
#16 D:\Ampps\www\yii\framework\web\actions\CInlineAction.php(49): SiteController->actionLogin()
#17 D:\Ampps\www\yii\framework\web\CController.php(308): CInlineAction->runWithParams(Array)
#18 D:\Ampps\www\yii\framework\web\CController.php(286): CController->runAction(Object(CInlineAction))
#19 D:\Ampps\www\yii\framework\web\CController.php(265): CController->runActionWithFilters(Object(CInlineAction), Array)
#20 D:\Ampps\www\yii\framework\web\CWebApplication.php(282): CController->run('login')
#21 D:\Ampps\www\yii\framework\web\CWebApplication.php(141): CWebApplication->runController('site/login')
#22 D:\Ampps\www\yii\framework\base\CApplication.php(169): CWebApplication->processRequest()
#23 D:\Ampps\www\blog\index.php(13): CApplication->run()
#24 {main}
REQUEST_URI=/blog/index.php?r=site/login
HTTP_REFERER=http://localhost/blog/index.php?r=site/login
---
2013/02/28 19:55:04 [error] [exception.CException] exception 'CException' with message 'RecentComments cannot find the view "recentComments".' in D:\Ampps\www\yii\framework\web\widgets\CWidget.php:245
Stack trace:
#0 D:\Ampps\www\blog\protected\components\RecentComments.php(27): CWidget->render('recentComments')
#1 D:\Ampps\www\yii\framework\zii\widgets\CPortlet.php(94): RecentComments->renderContent()
#2 D:\Ampps\www\yii\framework\web\CBaseController.php(173): CPortlet->run()
#3 D:\Ampps\www\blog\protected\views\layouts\main.php(67): CBaseController->widget('RecentComments', Array)
#4 D:\Ampps\www\yii\framework\web\CBaseController.php(126): require('D:\Ampps\www\bl...')
#5 D:\Ampps\www\yii\framework\web\CBaseController.php(95): CBaseController->renderInternal('D:\Ampps\www\bl...', Array, true)
#6 D:\Ampps\www\yii\framework\web\widgets\CContentDecorator.php(76): CBaseController->renderFile('D:\Ampps\www\bl...', Array, true)
#7 D:\Ampps\www\yii\framework\web\widgets\CContentDecorator.php(54): CContentDecorator->decorate('<div id="conten...')
#8 D:\Ampps\www\yii\framework\web\widgets\COutputProcessor.php(44): CContentDecorator->processOutput('<div id="conten...')
#9 D:\Ampps\www\yii\framework\web\CBaseController.php(206): COutputProcessor->run()
#10 D:\Ampps\www\yii\framework\web\CBaseController.php(300): CBaseController->endWidget('CContentDecorat...')
#11 D:\Ampps\www\blog\protected\views\layouts\column1.php(6): CBaseController->endContent()
#12 D:\Ampps\www\yii\framework\web\CBaseController.php(126): require('D:\Ampps\www\bl...')
#13 D:\Ampps\www\yii\framework\web\CBaseController.php(95): CBaseController->renderInternal('D:\Ampps\www\bl...', Array, true)
#14 D:\Ampps\www\yii\framework\web\CController.php(784): CBaseController->renderFile('D:\Ampps\www\bl...', Array, true)
#15 D:\Ampps\www\blog\protected\controllers\SiteController.php(98): CController->render('login', Array)
#16 D:\Ampps\www\yii\framework\web\actions\CInlineAction.php(49): SiteController->actionLogin()
#17 D:\Ampps\www\yii\framework\web\CController.php(308): CInlineAction->runWithParams(Array)
#18 D:\Ampps\www\yii\framework\web\CController.php(286): CController->runAction(Object(CInlineAction))
#19 D:\Ampps\www\yii\framework\web\CController.php(265): CController->runActionWithFilters(Object(CInlineAction), Array)
#20 D:\Ampps\www\yii\framework\web\CWebApplication.php(282): CController->run('login')
#21 D:\Ampps\www\yii\framework\web\CWebApplication.php(141): CWebApplication->runController('site/login')
#22 D:\Ampps\www\yii\framework\base\CApplication.php(169): CWebApplication->processRequest()
#23 D:\Ampps\www\blog\index.php(13): CApplication->run()
#24 {main}
REQUEST_URI=/blog/index.php?r=site/login
HTTP_REFERER=http://localhost/blog/index.php?r=site/login
---
2013/02/28 19:55:20 [error] [exception.CException] exception 'CException' with message 'RecentComments cannot find the view "recentComments".' in D:\Ampps\www\yii\framework\web\widgets\CWidget.php:245
Stack trace:
#0 D:\Ampps\www\blog\protected\components\RecentComments.php(27): CWidget->render('recentComments')
#1 D:\Ampps\www\yii\framework\zii\widgets\CPortlet.php(94): RecentComments->renderContent()
#2 D:\Ampps\www\yii\framework\web\CBaseController.php(173): CPortlet->run()
#3 D:\Ampps\www\blog\protected\views\layouts\main.php(67): CBaseController->widget('RecentComments', Array)
#4 D:\Ampps\www\yii\framework\web\CBaseController.php(126): require('D:\Ampps\www\bl...')
#5 D:\Ampps\www\yii\framework\web\CBaseController.php(95): CBaseController->renderInternal('D:\Ampps\www\bl...', Array, true)
#6 D:\Ampps\www\yii\framework\web\widgets\CContentDecorator.php(76): CBaseController->renderFile('D:\Ampps\www\bl...', Array, true)
#7 D:\Ampps\www\yii\framework\web\widgets\CContentDecorator.php(54): CContentDecorator->decorate('<div id="conten...')
#8 D:\Ampps\www\yii\framework\web\widgets\COutputProcessor.php(44): CContentDecorator->processOutput('<div id="conten...')
#9 D:\Ampps\www\yii\framework\web\CBaseController.php(206): COutputProcessor->run()
#10 D:\Ampps\www\yii\framework\web\CBaseController.php(300): CBaseController->endWidget('CContentDecorat...')
#11 D:\Ampps\www\blog\protected\views\layouts\column1.php(6): CBaseController->endContent()
#12 D:\Ampps\www\yii\framework\web\CBaseController.php(126): require('D:\Ampps\www\bl...')
#13 D:\Ampps\www\yii\framework\web\CBaseController.php(95): CBaseController->renderInternal('D:\Ampps\www\bl...', Array, true)
#14 D:\Ampps\www\yii\framework\web\CController.php(784): CBaseController->renderFile('D:\Ampps\www\bl...', Array, true)
#15 D:\Ampps\www\blog\protected\controllers\SiteController.php(98): CController->render('login', Array)
#16 D:\Ampps\www\yii\framework\web\actions\CInlineAction.php(49): SiteController->actionLogin()
#17 D:\Ampps\www\yii\framework\web\CController.php(308): CInlineAction->runWithParams(Array)
#18 D:\Ampps\www\yii\framework\web\CController.php(286): CController->runAction(Object(CInlineAction))
#19 D:\Ampps\www\yii\framework\web\CController.php(265): CController->runActionWithFilters(Object(CInlineAction), Array)
#20 D:\Ampps\www\yii\framework\web\CWebApplication.php(282): CController->run('login')
#21 D:\Ampps\www\yii\framework\web\CWebApplication.php(141): CWebApplication->runController('site/login')
#22 D:\Ampps\www\yii\framework\base\CApplication.php(169): CWebApplication->processRequest()
#23 D:\Ampps\www\blog\index.php(13): CApplication->run()
#24 {main}
REQUEST_URI=/blog/index.php?r=site/login
HTTP_REFERER=http://localhost/blog/index.php?r=site/login
---
2013/02/28 19:55:22 [error] [exception.CException] exception 'CException' with message 'RecentComments cannot find the view "recentComments".' in D:\Ampps\www\yii\framework\web\widgets\CWidget.php:245
Stack trace:
#0 D:\Ampps\www\blog\protected\components\RecentComments.php(27): CWidget->render('recentComments')
#1 D:\Ampps\www\yii\framework\zii\widgets\CPortlet.php(94): RecentComments->renderContent()
#2 D:\Ampps\www\yii\framework\web\CBaseController.php(173): CPortlet->run()
#3 D:\Ampps\www\blog\protected\views\layouts\main.php(67): CBaseController->widget('RecentComments', Array)
#4 D:\Ampps\www\yii\framework\web\CBaseController.php(126): require('D:\Ampps\www\bl...')
#5 D:\Ampps\www\yii\framework\web\CBaseController.php(95): CBaseController->renderInternal('D:\Ampps\www\bl...', Array, true)
#6 D:\Ampps\www\yii\framework\web\widgets\CContentDecorator.php(76): CBaseController->renderFile('D:\Ampps\www\bl...', Array, true)
#7 D:\Ampps\www\yii\framework\web\widgets\CContentDecorator.php(54): CContentDecorator->decorate('<div id="conten...')
#8 D:\Ampps\www\yii\framework\web\widgets\COutputProcessor.php(44): CContentDecorator->processOutput('<div id="conten...')
#9 D:\Ampps\www\yii\framework\web\CBaseController.php(206): COutputProcessor->run()
#10 D:\Ampps\www\yii\framework\web\CBaseController.php(300): CBaseController->endWidget('CContentDecorat...')
#11 D:\Ampps\www\blog\protected\views\layouts\column1.php(6): CBaseController->endContent()
#12 D:\Ampps\www\yii\framework\web\CBaseController.php(126): require('D:\Ampps\www\bl...')
#13 D:\Ampps\www\yii\framework\web\CBaseController.php(95): CBaseController->renderInternal('D:\Ampps\www\bl...', Array, true)
#14 D:\Ampps\www\yii\framework\web\CController.php(784): CBaseController->renderFile('D:\Ampps\www\bl...', Array, true)
#15 D:\Ampps\www\blog\protected\controllers\SiteController.php(98): CController->render('login', Array)
#16 D:\Ampps\www\yii\framework\web\actions\CInlineAction.php(49): SiteController->actionLogin()
#17 D:\Ampps\www\yii\framework\web\CController.php(308): CInlineAction->runWithParams(Array)
#18 D:\Ampps\www\yii\framework\web\CController.php(286): CController->runAction(Object(CInlineAction))
#19 D:\Ampps\www\yii\framework\web\CController.php(265): CController->runActionWithFilters(Object(CInlineAction), Array)
#20 D:\Ampps\www\yii\framework\web\CWebApplication.php(282): CController->run('login')
#21 D:\Ampps\www\yii\framework\web\CWebApplication.php(141): CWebApplication->runController('site/login')
#22 D:\Ampps\www\yii\framework\base\CApplication.php(169): CWebApplication->processRequest()
#23 D:\Ampps\www\blog\index.php(13): CApplication->run()
#24 {main}
REQUEST_URI=/blog/index.php?r=site/login
HTTP_REFERER=http://localhost/blog/index.php?r=site/login
---
2013/02/28 19:56:53 [error] [exception.CException] exception 'CException' with message 'RecentComments cannot find the view "recentComments".' in D:\Ampps\www\yii\framework\web\widgets\CWidget.php:245
Stack trace:
#0 D:\Ampps\www\blog\protected\components\RecentComments.php(27): CWidget->render('recentComments')
#1 D:\Ampps\www\yii\framework\zii\widgets\CPortlet.php(94): RecentComments->renderContent()
#2 D:\Ampps\www\yii\framework\web\CBaseController.php(173): CPortlet->run()
#3 D:\Ampps\www\blog\protected\views\layouts\main.php(67): CBaseController->widget('RecentComments', Array)
#4 D:\Ampps\www\yii\framework\web\CBaseController.php(126): require('D:\Ampps\www\bl...')
#5 D:\Ampps\www\yii\framework\web\CBaseController.php(95): CBaseController->renderInternal('D:\Ampps\www\bl...', Array, true)
#6 D:\Ampps\www\yii\framework\web\widgets\CContentDecorator.php(76): CBaseController->renderFile('D:\Ampps\www\bl...', Array, true)
#7 D:\Ampps\www\yii\framework\web\widgets\CContentDecorator.php(54): CContentDecorator->decorate('<div id="conten...')
#8 D:\Ampps\www\yii\framework\web\widgets\COutputProcessor.php(44): CContentDecorator->processOutput('<div id="conten...')
#9 D:\Ampps\www\yii\framework\web\CBaseController.php(206): COutputProcessor->run()
#10 D:\Ampps\www\yii\framework\web\CBaseController.php(300): CBaseController->endWidget('CContentDecorat...')
#11 D:\Ampps\www\blog\protected\views\layouts\column1.php(6): CBaseController->endContent()
#12 D:\Ampps\www\yii\framework\web\CBaseController.php(126): require('D:\Ampps\www\bl...')
#13 D:\Ampps\www\yii\framework\web\CBaseController.php(95): CBaseController->renderInternal('D:\Ampps\www\bl...', Array, true)
#14 D:\Ampps\www\yii\framework\web\CController.php(784): CBaseController->renderFile('D:\Ampps\www\bl...', Array, true)
#15 D:\Ampps\www\blog\protected\controllers\SiteController.php(32): CController->render('index')
#16 D:\Ampps\www\yii\framework\web\actions\CInlineAction.php(49): SiteController->actionIndex()
#17 D:\Ampps\www\yii\framework\web\CController.php(308): CInlineAction->runWithParams(Array)
#18 D:\Ampps\www\yii\framework\web\CController.php(286): CController->runAction(Object(CInlineAction))
#19 D:\Ampps\www\yii\framework\web\CController.php(265): CController->runActionWithFilters(Object(CInlineAction), Array)
#20 D:\Ampps\www\yii\framework\web\CWebApplication.php(282): CController->run('')
#21 D:\Ampps\www\yii\framework\web\CWebApplication.php(141): CWebApplication->runController('')
#22 D:\Ampps\www\yii\framework\base\CApplication.php(169): CWebApplication->processRequest()
#23 D:\Ampps\www\blog\index.php(13): CApplication->run()
#24 {main}
REQUEST_URI=/blog/
---
2013/02/28 19:57:32 [error] [exception.CException] exception 'CException' with message 'RecentComments cannot find the view "recentComments".' in D:\Ampps\www\yii\framework\web\widgets\CWidget.php:245
Stack trace:
#0 D:\Ampps\www\blog\protected\components\RecentComments.php(27): CWidget->render('recentComments')
#1 D:\Ampps\www\yii\framework\zii\widgets\CPortlet.php(94): RecentComments->renderContent()
#2 D:\Ampps\www\yii\framework\web\CBaseController.php(173): CPortlet->run()
#3 D:\Ampps\www\blog\protected\views\layouts\main.php(67): CBaseController->widget('RecentComments', Array)
#4 D:\Ampps\www\yii\framework\web\CBaseController.php(126): require('D:\Ampps\www\bl...')
#5 D:\Ampps\www\yii\framework\web\CBaseController.php(95): CBaseController->renderInternal('D:\Ampps\www\bl...', Array, true)
#6 D:\Ampps\www\yii\framework\web\widgets\CContentDecorator.php(76): CBaseController->renderFile('D:\Ampps\www\bl...', Array, true)
#7 D:\Ampps\www\yii\framework\web\widgets\CContentDecorator.php(54): CContentDecorator->decorate('<div id="conten...')
#8 D:\Ampps\www\yii\framework\web\widgets\COutputProcessor.php(44): CContentDecorator->processOutput('<div id="conten...')
#9 D:\Ampps\www\yii\framework\web\CBaseController.php(206): COutputProcessor->run()
#10 D:\Ampps\www\yii\framework\web\CBaseController.php(300): CBaseController->endWidget('CContentDecorat...')
#11 D:\Ampps\www\blog\protected\views\layouts\column1.php(6): CBaseController->endContent()
#12 D:\Ampps\www\yii\framework\web\CBaseController.php(126): require('D:\Ampps\www\bl...')
#13 D:\Ampps\www\yii\framework\web\CBaseController.php(95): CBaseController->renderInternal('D:\Ampps\www\bl...', Array, true)
#14 D:\Ampps\www\yii\framework\web\CController.php(784): CBaseController->renderFile('D:\Ampps\www\bl...', Array, true)
#15 D:\Ampps\www\blog\protected\controllers\SiteController.php(32): CController->render('index')
#16 D:\Ampps\www\yii\framework\web\actions\CInlineAction.php(49): SiteController->actionIndex()
#17 D:\Ampps\www\yii\framework\web\CController.php(308): CInlineAction->runWithParams(Array)
#18 D:\Ampps\www\yii\framework\web\CController.php(286): CController->runAction(Object(CInlineAction))
#19 D:\Ampps\www\yii\framework\web\CController.php(265): CController->runActionWithFilters(Object(CInlineAction), Array)
#20 D:\Ampps\www\yii\framework\web\CWebApplication.php(282): CController->run('')
#21 D:\Ampps\www\yii\framework\web\CWebApplication.php(141): CWebApplication->runController('')
#22 D:\Ampps\www\yii\framework\base\CApplication.php(169): CWebApplication->processRequest()
#23 D:\Ampps\www\blog\index.php(13): CApplication->run()
#24 {main}
REQUEST_URI=/blog/
---
2013/02/28 19:57:35 [error] [exception.CException] exception 'CException' with message 'RecentComments cannot find the view "recentComments".' in D:\Ampps\www\yii\framework\web\widgets\CWidget.php:245
Stack trace:
#0 D:\Ampps\www\blog\protected\components\RecentComments.php(27): CWidget->render('recentComments')
#1 D:\Ampps\www\yii\framework\zii\widgets\CPortlet.php(94): RecentComments->renderContent()
#2 D:\Ampps\www\yii\framework\web\CBaseController.php(173): CPortlet->run()
#3 D:\Ampps\www\blog\protected\views\layouts\main.php(67): CBaseController->widget('RecentComments', Array)
#4 D:\Ampps\www\yii\framework\web\CBaseController.php(126): require('D:\Ampps\www\bl...')
#5 D:\Ampps\www\yii\framework\web\CBaseController.php(95): CBaseController->renderInternal('D:\Ampps\www\bl...', Array, true)
#6 D:\Ampps\www\yii\framework\web\widgets\CContentDecorator.php(76): CBaseController->renderFile('D:\Ampps\www\bl...', Array, true)
#7 D:\Ampps\www\yii\framework\web\widgets\CContentDecorator.php(54): CContentDecorator->decorate('<div id="conten...')
#8 D:\Ampps\www\yii\framework\web\widgets\COutputProcessor.php(44): CContentDecorator->processOutput('<div id="conten...')
#9 D:\Ampps\www\yii\framework\web\CBaseController.php(206): COutputProcessor->run()
#10 D:\Ampps\www\yii\framework\web\CBaseController.php(300): CBaseController->endWidget('CContentDecorat...')
#11 D:\Ampps\www\blog\protected\views\layouts\column1.php(6): CBaseController->endContent()
#12 D:\Ampps\www\yii\framework\web\CBaseController.php(126): require('D:\Ampps\www\bl...')
#13 D:\Ampps\www\yii\framework\web\CBaseController.php(95): CBaseController->renderInternal('D:\Ampps\www\bl...', Array, true)
#14 D:\Ampps\www\yii\framework\web\CController.php(784): CBaseController->renderFile('D:\Ampps\www\bl...', Array, true)
#15 D:\Ampps\www\blog\protected\controllers\SiteController.php(32): CController->render('index')
#16 D:\Ampps\www\yii\framework\web\actions\CInlineAction.php(49): SiteController->actionIndex()
#17 D:\Ampps\www\yii\framework\web\CController.php(308): CInlineAction->runWithParams(Array)
#18 D:\Ampps\www\yii\framework\web\CController.php(286): CController->runAction(Object(CInlineAction))
#19 D:\Ampps\www\yii\framework\web\CController.php(265): CController->runActionWithFilters(Object(CInlineAction), Array)
#20 D:\Ampps\www\yii\framework\web\CWebApplication.php(282): CController->run('')
#21 D:\Ampps\www\yii\framework\web\CWebApplication.php(141): CWebApplication->runController('')
#22 D:\Ampps\www\yii\framework\base\CApplication.php(169): CWebApplication->processRequest()
#23 D:\Ampps\www\blog\index.php(13): CApplication->run()
#24 {main}
REQUEST_URI=/blog/
---
2013/02/28 19:57:37 [error] [exception.CException] exception 'CException' with message 'RecentComments cannot find the view "recentComments".' in D:\Ampps\www\yii\framework\web\widgets\CWidget.php:245
Stack trace:
#0 D:\Ampps\www\blog\protected\components\RecentComments.php(27): CWidget->render('recentComments')
#1 D:\Ampps\www\yii\framework\zii\widgets\CPortlet.php(94): RecentComments->renderContent()
#2 D:\Ampps\www\yii\framework\web\CBaseController.php(173): CPortlet->run()
#3 D:\Ampps\www\blog\protected\views\layouts\main.php(67): CBaseController->widget('RecentComments', Array)
#4 D:\Ampps\www\yii\framework\web\CBaseController.php(126): require('D:\Ampps\www\bl...')
#5 D:\Ampps\www\yii\framework\web\CBaseController.php(95): CBaseController->renderInternal('D:\Ampps\www\bl...', Array, true)
#6 D:\Ampps\www\yii\framework\web\widgets\CContentDecorator.php(76): CBaseController->renderFile('D:\Ampps\www\bl...', Array, true)
#7 D:\Ampps\www\yii\framework\web\widgets\CContentDecorator.php(54): CContentDecorator->decorate('<div id="conten...')
#8 D:\Ampps\www\yii\framework\web\widgets\COutputProcessor.php(44): CContentDecorator->processOutput('<div id="conten...')
#9 D:\Ampps\www\yii\framework\web\CBaseController.php(206): COutputProcessor->run()
#10 D:\Ampps\www\yii\framework\web\CBaseController.php(300): CBaseController->endWidget('CContentDecorat...')
#11 D:\Ampps\www\blog\protected\views\layouts\column1.php(6): CBaseController->endContent()
#12 D:\Ampps\www\yii\framework\web\CBaseController.php(126): require('D:\Ampps\www\bl...')
#13 D:\Ampps\www\yii\framework\web\CBaseController.php(95): CBaseController->renderInternal('D:\Ampps\www\bl...', Array, true)
#14 D:\Ampps\www\yii\framework\web\CController.php(784): CBaseController->renderFile('D:\Ampps\www\bl...', Array, true)
#15 D:\Ampps\www\blog\protected\controllers\SiteController.php(32): CController->render('index')
#16 D:\Ampps\www\yii\framework\web\actions\CInlineAction.php(49): SiteController->actionIndex()
#17 D:\Ampps\www\yii\framework\web\CController.php(308): CInlineAction->runWithParams(Array)
#18 D:\Ampps\www\yii\framework\web\CController.php(286): CController->runAction(Object(CInlineAction))
#19 D:\Ampps\www\yii\framework\web\CController.php(265): CController->runActionWithFilters(Object(CInlineAction), Array)
#20 D:\Ampps\www\yii\framework\web\CWebApplication.php(282): CController->run('')
#21 D:\Ampps\www\yii\framework\web\CWebApplication.php(141): CWebApplication->runController('')
#22 D:\Ampps\www\yii\framework\base\CApplication.php(169): CWebApplication->processRequest()
#23 D:\Ampps\www\blog\index.php(13): CApplication->run()
#24 {main}
REQUEST_URI=/blog/index.php
---
2013/02/28 19:59:20 [error] [exception.CException] exception 'CException' with message 'RecentComments cannot find the view "recentComments".' in D:\Ampps\www\yii\framework\web\widgets\CWidget.php:245
Stack trace:
#0 D:\Ampps\www\blog\protected\components\RecentComments.php(27): CWidget->render('recentComments')
#1 D:\Ampps\www\yii\framework\zii\widgets\CPortlet.php(94): RecentComments->renderContent()
#2 D:\Ampps\www\yii\framework\web\CBaseController.php(173): CPortlet->run()
#3 D:\Ampps\www\blog\protected\views\layouts\main.php(67): CBaseController->widget('RecentComments', Array)
#4 D:\Ampps\www\yii\framework\web\CBaseController.php(126): require('D:\Ampps\www\bl...')
#5 D:\Ampps\www\yii\framework\web\CBaseController.php(95): CBaseController->renderInternal('D:\Ampps\www\bl...', Array, true)
#6 D:\Ampps\www\yii\framework\web\widgets\CContentDecorator.php(76): CBaseController->renderFile('D:\Ampps\www\bl...', Array, true)
#7 D:\Ampps\www\yii\framework\web\widgets\CContentDecorator.php(54): CContentDecorator->decorate('<div id="conten...')
#8 D:\Ampps\www\yii\framework\web\widgets\COutputProcessor.php(44): CContentDecorator->processOutput('<div id="conten...')
#9 D:\Ampps\www\yii\framework\web\CBaseController.php(206): COutputProcessor->run()
#10 D:\Ampps\www\yii\framework\web\CBaseController.php(300): CBaseController->endWidget('CContentDecorat...')
#11 D:\Ampps\www\blog\protected\views\layouts\column1.php(6): CBaseController->endContent()
#12 D:\Ampps\www\yii\framework\web\CBaseController.php(126): require('D:\Ampps\www\bl...')
#13 D:\Ampps\www\yii\framework\web\CBaseController.php(95): CBaseController->renderInternal('D:\Ampps\www\bl...', Array, true)
#14 D:\Ampps\www\yii\framework\web\CController.php(784): CBaseController->renderFile('D:\Ampps\www\bl...', Array, true)
#15 D:\Ampps\www\blog\protected\controllers\SiteController.php(32): CController->render('index')
#16 D:\Ampps\www\yii\framework\web\actions\CInlineAction.php(49): SiteController->actionIndex()
#17 D:\Ampps\www\yii\framework\web\CController.php(308): CInlineAction->runWithParams(Array)
#18 D:\Ampps\www\yii\framework\web\CController.php(286): CController->runAction(Object(CInlineAction))
#19 D:\Ampps\www\yii\framework\web\CController.php(265): CController->runActionWithFilters(Object(CInlineAction), Array)
#20 D:\Ampps\www\yii\framework\web\CWebApplication.php(282): CController->run('')
#21 D:\Ampps\www\yii\framework\web\CWebApplication.php(141): CWebApplication->runController('')
#22 D:\Ampps\www\yii\framework\base\CApplication.php(169): CWebApplication->processRequest()
#23 D:\Ampps\www\blog\index.php(13): CApplication->run()
#24 {main}
REQUEST_URI=/blog/index.php
---
2013/02/28 20:02:17 [error] [exception.CException] exception 'CException' with message 'RecentComments cannot find the view "recentComments".' in D:\Ampps\www\yii\framework\web\widgets\CWidget.php:245
Stack trace:
#0 D:\Ampps\www\blog\protected\components\RecentComments.php(27): CWidget->render('recentComments')
#1 D:\Ampps\www\yii\framework\zii\widgets\CPortlet.php(94): RecentComments->renderContent()
#2 D:\Ampps\www\yii\framework\web\CBaseController.php(173): CPortlet->run()
#3 D:\Ampps\www\blog\protected\views\layouts\main.php(67): CBaseController->widget('RecentComments', Array)
#4 D:\Ampps\www\yii\framework\web\CBaseController.php(126): require('D:\Ampps\www\bl...')
#5 D:\Ampps\www\yii\framework\web\CBaseController.php(95): CBaseController->renderInternal('D:\Ampps\www\bl...', Array, true)
#6 D:\Ampps\www\yii\framework\web\widgets\CContentDecorator.php(76): CBaseController->renderFile('D:\Ampps\www\bl...', Array, true)
#7 D:\Ampps\www\yii\framework\web\widgets\CContentDecorator.php(54): CContentDecorator->decorate('<div id="conten...')
#8 D:\Ampps\www\yii\framework\web\widgets\COutputProcessor.php(44): CContentDecorator->processOutput('<div id="conten...')
#9 D:\Ampps\www\yii\framework\web\CBaseController.php(206): COutputProcessor->run()
#10 D:\Ampps\www\yii\framework\web\CBaseController.php(300): CBaseController->endWidget('CContentDecorat...')
#11 D:\Ampps\www\blog\protected\views\layouts\column1.php(6): CBaseController->endContent()
#12 D:\Ampps\www\yii\framework\web\CBaseController.php(126): require('D:\Ampps\www\bl...')
#13 D:\Ampps\www\yii\framework\web\CBaseController.php(95): CBaseController->renderInternal('D:\Ampps\www\bl...', Array, true)
#14 D:\Ampps\www\yii\framework\web\CController.php(784): CBaseController->renderFile('D:\Ampps\www\bl...', Array, true)
#15 D:\Ampps\www\blog\protected\controllers\SiteController.php(32): CController->render('index')
#16 D:\Ampps\www\yii\framework\web\actions\CInlineAction.php(49): SiteController->actionIndex()
#17 D:\Ampps\www\yii\framework\web\CController.php(308): CInlineAction->runWithParams(Array)
#18 D:\Ampps\www\yii\framework\web\CController.php(286): CController->runAction(Object(CInlineAction))
#19 D:\Ampps\www\yii\framework\web\CController.php(265): CController->runActionWithFilters(Object(CInlineAction), Array)
#20 D:\Ampps\www\yii\framework\web\CWebApplication.php(282): CController->run('')
#21 D:\Ampps\www\yii\framework\web\CWebApplication.php(141): CWebApplication->runController('')
#22 D:\Ampps\www\yii\framework\base\CApplication.php(169): CWebApplication->processRequest()
#23 D:\Ampps\www\blog\index.php(13): CApplication->run()
#24 {main}
REQUEST_URI=/blog/index.php?XDEBUG_SESSION_START=netbeans-xdebug
---
2013/02/28 20:07:41 [error] [exception.CException] exception 'CException' with message 'RecentComments cannot find the view "recentComments".' in D:\Ampps\www\yii\framework\web\widgets\CWidget.php:245
Stack trace:
#0 D:\Ampps\www\blog\protected\components\RecentComments.php(27): CWidget->render('recentComments')
#1 D:\Ampps\www\yii\framework\zii\widgets\CPortlet.php(94): RecentComments->renderContent()
#2 D:\Ampps\www\yii\framework\web\CBaseController.php(173): CPortlet->run()
#3 D:\Ampps\www\blog\protected\views\layouts\main.php(67): CBaseController->widget('RecentComments', Array)
#4 D:\Ampps\www\yii\framework\web\CBaseController.php(126): require('D:\Ampps\www\bl...')
#5 D:\Ampps\www\yii\framework\web\CBaseController.php(95): CBaseController->renderInternal('D:\Ampps\www\bl...', Array, true)
#6 D:\Ampps\www\yii\framework\web\widgets\CContentDecorator.php(76): CBaseController->renderFile('D:\Ampps\www\bl...', Array, true)
#7 D:\Ampps\www\yii\framework\web\widgets\CContentDecorator.php(54): CContentDecorator->decorate('<div id="conten...')
#8 D:\Ampps\www\yii\framework\web\widgets\COutputProcessor.php(44): CContentDecorator->processOutput('<div id="conten...')
#9 D:\Ampps\www\yii\framework\web\CBaseController.php(206): COutputProcessor->run()
#10 D:\Ampps\www\yii\framework\web\CBaseController.php(300): CBaseController->endWidget('CContentDecorat...')
#11 D:\Ampps\www\blog\protected\views\layouts\column1.php(6): CBaseController->endContent()
#12 D:\Ampps\www\yii\framework\web\CBaseController.php(126): require('D:\Ampps\www\bl...')
#13 D:\Ampps\www\yii\framework\web\CBaseController.php(95): CBaseController->renderInternal('D:\Ampps\www\bl...', Array, true)
#14 D:\Ampps\www\yii\framework\web\CController.php(784): CBaseController->renderFile('D:\Ampps\www\bl...', Array, true)
#15 D:\Ampps\www\blog\protected\controllers\SiteController.php(32): CController->render('index')
#16 D:\Ampps\www\yii\framework\web\actions\CInlineAction.php(49): SiteController->actionIndex()
#17 D:\Ampps\www\yii\framework\web\CController.php(308): CInlineAction->runWithParams(Array)
#18 D:\Ampps\www\yii\framework\web\CController.php(286): CController->runAction(Object(CInlineAction))
#19 D:\Ampps\www\yii\framework\web\CController.php(265): CController->runActionWithFilters(Object(CInlineAction), Array)
#20 D:\Ampps\www\yii\framework\web\CWebApplication.php(282): CController->run('')
#21 D:\Ampps\www\yii\framework\web\CWebApplication.php(141): CWebApplication->runController('')
#22 D:\Ampps\www\yii\framework\base\CApplication.php(169): CWebApplication->processRequest()
#23 D:\Ampps\www\blog\index.php(13): CApplication->run()
#24 {main}
REQUEST_URI=/blog/index.php?XDEBUG_SESSION_START=netbeans-xdebug
---
2013/03/02 23:31:51 [error] [exception.CException] exception 'CException' with message 'RecentComments cannot find the view "recentComments".' in D:\Ampps\www\yii\framework\web\widgets\CWidget.php:245
Stack trace:
#0 D:\Ampps\www\blog\protected\components\RecentComments.php(27): CWidget->render('recentComments')
#1 D:\Ampps\www\yii\framework\zii\widgets\CPortlet.php(94): RecentComments->renderContent()
#2 D:\Ampps\www\yii\framework\web\CBaseController.php(173): CPortlet->run()
#3 D:\Ampps\www\blog\protected\views\layouts\main.php(67): CBaseController->widget('RecentComments', Array)
#4 D:\Ampps\www\yii\framework\web\CBaseController.php(126): require('D:\Ampps\www\bl...')
#5 D:\Ampps\www\yii\framework\web\CBaseController.php(95): CBaseController->renderInternal('D:\Ampps\www\bl...', Array, true)
#6 D:\Ampps\www\yii\framework\web\widgets\CContentDecorator.php(76): CBaseController->renderFile('D:\Ampps\www\bl...', Array, true)
#7 D:\Ampps\www\yii\framework\web\widgets\CContentDecorator.php(54): CContentDecorator->decorate('<div id="conten...')
#8 D:\Ampps\www\yii\framework\web\widgets\COutputProcessor.php(44): CContentDecorator->processOutput('<div id="conten...')
#9 D:\Ampps\www\yii\framework\web\CBaseController.php(206): COutputProcessor->run()
#10 D:\Ampps\www\yii\framework\web\CBaseController.php(300): CBaseController->endWidget('CContentDecorat...')
#11 D:\Ampps\www\blog\protected\views\layouts\column1.php(6): CBaseController->endContent()
#12 D:\Ampps\www\yii\framework\web\CBaseController.php(126): require('D:\Ampps\www\bl...')
#13 D:\Ampps\www\yii\framework\web\CBaseController.php(95): CBaseController->renderInternal('D:\Ampps\www\bl...', Array, true)
#14 D:\Ampps\www\yii\framework\web\CController.php(784): CBaseController->renderFile('D:\Ampps\www\bl...', Array, true)
#15 D:\Ampps\www\blog\protected\controllers\SiteController.php(32): CController->render('index')
#16 D:\Ampps\www\yii\framework\web\actions\CInlineAction.php(49): SiteController->actionIndex()
#17 D:\Ampps\www\yii\framework\web\CController.php(308): CInlineAction->runWithParams(Array)
#18 D:\Ampps\www\yii\framework\web\CController.php(286): CController->runAction(Object(CInlineAction))
#19 D:\Ampps\www\yii\framework\web\CController.php(265): CController->runActionWithFilters(Object(CInlineAction), Array)
#20 D:\Ampps\www\yii\framework\web\CWebApplication.php(282): CController->run('')
#21 D:\Ampps\www\yii\framework\web\CWebApplication.php(141): CWebApplication->runController('')
#22 D:\Ampps\www\yii\framework\base\CApplication.php(169): CWebApplication->processRequest()
#23 D:\Ampps\www\blog\index.php(13): CApplication->run()
#24 {main}
REQUEST_URI=/blog/
---
2013/03/03 18:55:27 [error] [exception.CException] exception 'CException' with message 'RecentComments cannot find the view "recentComments".' in D:\Ampps\www\yii\framework\web\widgets\CWidget.php:245
Stack trace:
#0 D:\Ampps\www\blog\protected\components\RecentComments.php(27): CWidget->render('recentComments')
#1 D:\Ampps\www\yii\framework\zii\widgets\CPortlet.php(94): RecentComments->renderContent()
#2 D:\Ampps\www\yii\framework\web\CBaseController.php(173): CPortlet->run()
#3 D:\Ampps\www\blog\protected\views\layouts\main.php(67): CBaseController->widget('RecentComments', Array)
#4 D:\Ampps\www\yii\framework\web\CBaseController.php(126): require('D:\Ampps\www\bl...')
#5 D:\Ampps\www\yii\framework\web\CBaseController.php(95): CBaseController->renderInternal('D:\Ampps\www\bl...', Array, true)
#6 D:\Ampps\www\yii\framework\web\widgets\CContentDecorator.php(76): CBaseController->renderFile('D:\Ampps\www\bl...', Array, true)
#7 D:\Ampps\www\yii\framework\web\widgets\CContentDecorator.php(54): CContentDecorator->decorate('<div id="conten...')
#8 D:\Ampps\www\yii\framework\web\widgets\COutputProcessor.php(44): CContentDecorator->processOutput('<div id="conten...')
#9 D:\Ampps\www\yii\framework\web\CBaseController.php(206): COutputProcessor->run()
#10 D:\Ampps\www\yii\framework\web\CBaseController.php(300): CBaseController->endWidget('CContentDecorat...')
#11 D:\Ampps\www\blog\protected\views\layouts\column1.php(6): CBaseController->endContent()
#12 D:\Ampps\www\yii\framework\web\CBaseController.php(126): require('D:\Ampps\www\bl...')
#13 D:\Ampps\www\yii\framework\web\CBaseController.php(95): CBaseController->renderInternal('D:\Ampps\www\bl...', Array, true)
#14 D:\Ampps\www\yii\framework\web\CController.php(784): CBaseController->renderFile('D:\Ampps\www\bl...', Array, true)
#15 D:\Ampps\www\blog\protected\controllers\SiteController.php(32): CController->render('index')
#16 D:\Ampps\www\yii\framework\web\actions\CInlineAction.php(49): SiteController->actionIndex()
#17 D:\Ampps\www\yii\framework\web\CController.php(308): CInlineAction->runWithParams(Array)
#18 D:\Ampps\www\yii\framework\web\CController.php(286): CController->runAction(Object(CInlineAction))
#19 D:\Ampps\www\yii\framework\web\CController.php(265): CController->runActionWithFilters(Object(CInlineAction), Array)
#20 D:\Ampps\www\yii\framework\web\CWebApplication.php(282): CController->run('')
#21 D:\Ampps\www\yii\framework\web\CWebApplication.php(141): CWebApplication->runController('')
#22 D:\Ampps\www\yii\framework\base\CApplication.php(169): CWebApplication->processRequest()
#23 D:\Ampps\www\blog\index.php(13): CApplication->run()
#24 {main}
REQUEST_URI=/blog/index.php
---
2013/03/03 18:56:50 [error] [exception.CException] exception 'CException' with message 'RecentComments cannot find the view "recentComments".' in D:\Ampps\www\yii\framework\web\widgets\CWidget.php:245
Stack trace:
#0 D:\Ampps\www\blog\protected\components\RecentComments.php(27): CWidget->render('recentComments')
#1 D:\Ampps\www\yii\framework\zii\widgets\CPortlet.php(94): RecentComments->renderContent()
#2 D:\Ampps\www\yii\framework\web\CBaseController.php(173): CPortlet->run()
#3 D:\Ampps\www\blog\protected\views\layouts\main.php(67): CBaseController->widget('RecentComments', Array)
#4 D:\Ampps\www\yii\framework\web\CBaseController.php(126): require('D:\Ampps\www\bl...')
#5 D:\Ampps\www\yii\framework\web\CBaseController.php(95): CBaseController->renderInternal('D:\Ampps\www\bl...', Array, true)
#6 D:\Ampps\www\yii\framework\web\widgets\CContentDecorator.php(76): CBaseController->renderFile('D:\Ampps\www\bl...', Array, true)
#7 D:\Ampps\www\yii\framework\web\widgets\CContentDecorator.php(54): CContentDecorator->decorate('<div id="conten...')
#8 D:\Ampps\www\yii\framework\web\widgets\COutputProcessor.php(44): CContentDecorator->processOutput('<div id="conten...')
#9 D:\Ampps\www\yii\framework\web\CBaseController.php(206): COutputProcessor->run()
#10 D:\Ampps\www\yii\framework\web\CBaseController.php(300): CBaseController->endWidget('CContentDecorat...')
#11 D:\Ampps\www\blog\protected\views\layouts\column1.php(6): CBaseController->endContent()
#12 D:\Ampps\www\yii\framework\web\CBaseController.php(126): require('D:\Ampps\www\bl...')
#13 D:\Ampps\www\yii\framework\web\CBaseController.php(95): CBaseController->renderInternal('D:\Ampps\www\bl...', Array, true)
#14 D:\Ampps\www\yii\framework\web\CController.php(784): CBaseController->renderFile('D:\Ampps\www\bl...', Array, true)
#15 D:\Ampps\www\blog\protected\controllers\SiteController.php(32): CController->render('index')
#16 D:\Ampps\www\yii\framework\web\actions\CInlineAction.php(49): SiteController->actionIndex()
#17 D:\Ampps\www\yii\framework\web\CController.php(308): CInlineAction->runWithParams(Array)
#18 D:\Ampps\www\yii\framework\web\CController.php(286): CController->runAction(Object(CInlineAction))
#19 D:\Ampps\www\yii\framework\web\CController.php(265): CController->runActionWithFilters(Object(CInlineAction), Array)
#20 D:\Ampps\www\yii\framework\web\CWebApplication.php(282): CController->run('')
#21 D:\Ampps\www\yii\framework\web\CWebApplication.php(141): CWebApplication->runController('')
#22 D:\Ampps\www\yii\framework\base\CApplication.php(169): CWebApplication->processRequest()
#23 D:\Ampps\www\blog\index.php(13): CApplication->run()
#24 {main}
REQUEST_URI=/blog/index.php
---
2013/03/03 18:56:51 [error] [exception.CException] exception 'CException' with message 'RecentComments cannot find the view "recentComments".' in D:\Ampps\www\yii\framework\web\widgets\CWidget.php:245
Stack trace:
#0 D:\Ampps\www\blog\protected\components\RecentComments.php(27): CWidget->render('recentComments')
#1 D:\Ampps\www\yii\framework\zii\widgets\CPortlet.php(94): RecentComments->renderContent()
#2 D:\Ampps\www\yii\framework\web\CBaseController.php(173): CPortlet->run()
#3 D:\Ampps\www\blog\protected\views\layouts\main.php(67): CBaseController->widget('RecentComments', Array)
#4 D:\Ampps\www\yii\framework\web\CBaseController.php(126): require('D:\Ampps\www\bl...')
#5 D:\Ampps\www\yii\framework\web\CBaseController.php(95): CBaseController->renderInternal('D:\Ampps\www\bl...', Array, true)
#6 D:\Ampps\www\yii\framework\web\widgets\CContentDecorator.php(76): CBaseController->renderFile('D:\Ampps\www\bl...', Array, true)
#7 D:\Ampps\www\yii\framework\web\widgets\CContentDecorator.php(54): CContentDecorator->decorate('<div id="conten...')
#8 D:\Ampps\www\yii\framework\web\widgets\COutputProcessor.php(44): CContentDecorator->processOutput('<div id="conten...')
#9 D:\Ampps\www\yii\framework\web\CBaseController.php(206): COutputProcessor->run()
#10 D:\Ampps\www\yii\framework\web\CBaseController.php(300): CBaseController->endWidget('CContentDecorat...')
#11 D:\Ampps\www\blog\protected\views\layouts\column1.php(6): CBaseController->endContent()
#12 D:\Ampps\www\yii\framework\web\CBaseController.php(126): require('D:\Ampps\www\bl...')
#13 D:\Ampps\www\yii\framework\web\CBaseController.php(95): CBaseController->renderInternal('D:\Ampps\www\bl...', Array, true)
#14 D:\Ampps\www\yii\framework\web\CController.php(784): CBaseController->renderFile('D:\Ampps\www\bl...', Array, true)
#15 D:\Ampps\www\blog\protected\controllers\SiteController.php(32): CController->render('index')
#16 D:\Ampps\www\yii\framework\web\actions\CInlineAction.php(49): SiteController->actionIndex()
#17 D:\Ampps\www\yii\framework\web\CController.php(308): CInlineAction->runWithParams(Array)
#18 D:\Ampps\www\yii\framework\web\CController.php(286): CController->runAction(Object(CInlineAction))
#19 D:\Ampps\www\yii\framework\web\CController.php(265): CController->runActionWithFilters(Object(CInlineAction), Array)
#20 D:\Ampps\www\yii\framework\web\CWebApplication.php(282): CController->run('')
#21 D:\Ampps\www\yii\framework\web\CWebApplication.php(141): CWebApplication->runController('')
#22 D:\Ampps\www\yii\framework\base\CApplication.php(169): CWebApplication->processRequest()
#23 D:\Ampps\www\blog\index.php(13): CApplication->run()
#24 {main}
REQUEST_URI=/blog/index.php
---
2013/03/03 18:58:14 [error] [exception.CException] exception 'CException' with message 'RecentComments cannot find the view "recentComments".' in D:\Ampps\www\yii\framework\web\widgets\CWidget.php:245
Stack trace:
#0 D:\Ampps\www\blog\protected\components\RecentComments.php(27): CWidget->render('recentComments')
#1 D:\Ampps\www\yii\framework\zii\widgets\CPortlet.php(94): RecentComments->renderContent()
#2 D:\Ampps\www\yii\framework\web\CBaseController.php(173): CPortlet->run()
#3 D:\Ampps\www\blog\protected\views\layouts\main.php(67): CBaseController->widget('RecentComments', Array)
#4 D:\Ampps\www\yii\framework\web\CBaseController.php(126): require('D:\Ampps\www\bl...')
#5 D:\Ampps\www\yii\framework\web\CBaseController.php(95): CBaseController->renderInternal('D:\Ampps\www\bl...', Array, true)
#6 D:\Ampps\www\yii\framework\web\widgets\CContentDecorator.php(76): CBaseController->renderFile('D:\Ampps\www\bl...', Array, true)
#7 D:\Ampps\www\yii\framework\web\widgets\CContentDecorator.php(54): CContentDecorator->decorate('<div id="conten...')
#8 D:\Ampps\www\yii\framework\web\widgets\COutputProcessor.php(44): CContentDecorator->processOutput('<div id="conten...')
#9 D:\Ampps\www\yii\framework\web\CBaseController.php(206): COutputProcessor->run()
#10 D:\Ampps\www\yii\framework\web\CBaseController.php(300): CBaseController->endWidget('CContentDecorat...')
#11 D:\Ampps\www\blog\protected\views\layouts\column1.php(6): CBaseController->endContent()
#12 D:\Ampps\www\yii\framework\web\CBaseController.php(126): require('D:\Ampps\www\bl...')
#13 D:\Ampps\www\yii\framework\web\CBaseController.php(95): CBaseController->renderInternal('D:\Ampps\www\bl...', Array, true)
#14 D:\Ampps\www\yii\framework\web\CController.php(784): CBaseController->renderFile('D:\Ampps\www\bl...', Array, true)
#15 D:\Ampps\www\blog\protected\controllers\SiteController.php(32): CController->render('index')
#16 D:\Ampps\www\yii\framework\web\actions\CInlineAction.php(49): SiteController->actionIndex()
#17 D:\Ampps\www\yii\framework\web\CController.php(308): CInlineAction->runWithParams(Array)
#18 D:\Ampps\www\yii\framework\web\CController.php(286): CController->runAction(Object(CInlineAction))
#19 D:\Ampps\www\yii\framework\web\CController.php(265): CController->runActionWithFilters(Object(CInlineAction), Array)
#20 D:\Ampps\www\yii\framework\web\CWebApplication.php(282): CController->run('')
#21 D:\Ampps\www\yii\framework\web\CWebApplication.php(141): CWebApplication->runController('')
#22 D:\Ampps\www\yii\framework\base\CApplication.php(169): CWebApplication->processRequest()
#23 D:\Ampps\www\blog\index.php(13): CApplication->run()
#24 {main}
REQUEST_URI=/blog/index.php
---
2013/03/03 19:00:49 [error] [exception.CException] exception 'CException' with message 'RecentComments cannot find the view "recentComments".' in D:\Ampps\www\yii\framework\web\widgets\CWidget.php:245
Stack trace:
#0 D:\Ampps\www\blog\protected\components\RecentComments.php(27): CWidget->render('recentComments')
#1 D:\Ampps\www\yii\framework\zii\widgets\CPortlet.php(94): RecentComments->renderContent()
#2 D:\Ampps\www\yii\framework\web\CBaseController.php(173): CPortlet->run()
#3 D:\Ampps\www\blog\protected\views\layouts\main.php(67): CBaseController->widget('RecentComments', Array)
#4 D:\Ampps\www\yii\framework\web\CBaseController.php(126): require('D:\Ampps\www\bl...')
#5 D:\Ampps\www\yii\framework\web\CBaseController.php(95): CBaseController->renderInternal('D:\Ampps\www\bl...', Array, true)
#6 D:\Ampps\www\yii\framework\web\widgets\CContentDecorator.php(76): CBaseController->renderFile('D:\Ampps\www\bl...', Array, true)
#7 D:\Ampps\www\yii\framework\web\widgets\CContentDecorator.php(54): CContentDecorator->decorate('<div id="conten...')
#8 D:\Ampps\www\yii\framework\web\widgets\COutputProcessor.php(44): CContentDecorator->processOutput('<div id="conten...')
#9 D:\Ampps\www\yii\framework\web\CBaseController.php(206): COutputProcessor->run()
#10 D:\Ampps\www\yii\framework\web\CBaseController.php(300): CBaseController->endWidget('CContentDecorat...')
#11 D:\Ampps\www\blog\protected\views\layouts\column1.php(6): CBaseController->endContent()
#12 D:\Ampps\www\yii\framework\web\CBaseController.php(126): require('D:\Ampps\www\bl...')
#13 D:\Ampps\www\yii\framework\web\CBaseController.php(95): CBaseController->renderInternal('D:\Ampps\www\bl...', Array, true)
#14 D:\Ampps\www\yii\framework\web\CController.php(784): CBaseController->renderFile('D:\Ampps\www\bl...', Array, true)
#15 D:\Ampps\www\blog\protected\controllers\SiteController.php(32): CController->render('index')
#16 D:\Ampps\www\yii\framework\web\actions\CInlineAction.php(49): SiteController->actionIndex()
#17 D:\Ampps\www\yii\framework\web\CController.php(308): CInlineAction->runWithParams(Array)
#18 D:\Ampps\www\yii\framework\web\CController.php(286): CController->runAction(Object(CInlineAction))
#19 D:\Ampps\www\yii\framework\web\CController.php(265): CController->runActionWithFilters(Object(CInlineAction), Array)
#20 D:\Ampps\www\yii\framework\web\CWebApplication.php(282): CController->run('')
#21 D:\Ampps\www\yii\framework\web\CWebApplication.php(141): CWebApplication->runController('')
#22 D:\Ampps\www\yii\framework\base\CApplication.php(169): CWebApplication->processRequest()
#23 D:\Ampps\www\blog\index.php(13): CApplication->run()
#24 {main}
REQUEST_URI=/blog/index.php
---
2013/03/06 22:29:46 [error] [exception.CException] exception 'CException' with message 'RecentComments cannot find the view "recentComments".' in D:\Ampps\www\yii\framework\web\widgets\CWidget.php:245
Stack trace:
#0 D:\Ampps\www\blog\protected\components\RecentComments.php(27): CWidget->render('recentComments')
#1 D:\Ampps\www\yii\framework\zii\widgets\CPortlet.php(94): RecentComments->renderContent()
#2 D:\Ampps\www\yii\framework\web\CBaseController.php(173): CPortlet->run()
#3 D:\Ampps\www\blog\protected\views\layouts\main.php(67): CBaseController->widget('RecentComments', Array)
#4 D:\Ampps\www\yii\framework\web\CBaseController.php(126): require('D:\Ampps\www\bl...')
#5 D:\Ampps\www\yii\framework\web\CBaseController.php(95): CBaseController->renderInternal('D:\Ampps\www\bl...', Array, true)
#6 D:\Ampps\www\yii\framework\web\widgets\CContentDecorator.php(76): CBaseController->renderFile('D:\Ampps\www\bl...', Array, true)
#7 D:\Ampps\www\yii\framework\web\widgets\CContentDecorator.php(54): CContentDecorator->decorate('<div id="conten...')
#8 D:\Ampps\www\yii\framework\web\widgets\COutputProcessor.php(44): CContentDecorator->processOutput('<div id="conten...')
#9 D:\Ampps\www\yii\framework\web\CBaseController.php(206): COutputProcessor->run()
#10 D:\Ampps\www\yii\framework\web\CBaseController.php(300): CBaseController->endWidget('CContentDecorat...')
#11 D:\Ampps\www\blog\protected\views\layouts\column1.php(6): CBaseController->endContent()
#12 D:\Ampps\www\yii\framework\web\CBaseController.php(126): require('D:\Ampps\www\bl...')
#13 D:\Ampps\www\yii\framework\web\CBaseController.php(95): CBaseController->renderInternal('D:\Ampps\www\bl...', Array, true)
#14 D:\Ampps\www\yii\framework\web\CController.php(784): CBaseController->renderFile('D:\Ampps\www\bl...', Array, true)
#15 D:\Ampps\www\blog\protected\controllers\SiteController.php(32): CController->render('index')
#16 D:\Ampps\www\yii\framework\web\actions\CInlineAction.php(49): SiteController->actionIndex()
#17 D:\Ampps\www\yii\framework\web\CController.php(308): CInlineAction->runWithParams(Array)
#18 D:\Ampps\www\yii\framework\web\CController.php(286): CController->runAction(Object(CInlineAction))
#19 D:\Ampps\www\yii\framework\web\CController.php(265): CController->runActionWithFilters(Object(CInlineAction), Array)
#20 D:\Ampps\www\yii\framework\web\CWebApplication.php(282): CController->run('')
#21 D:\Ampps\www\yii\framework\web\CWebApplication.php(141): CWebApplication->runController('')
#22 D:\Ampps\www\yii\framework\base\CApplication.php(169): CWebApplication->processRequest()
#23 D:\Ampps\www\blog\index.php(13): CApplication->run()
#24 {main}
REQUEST_URI=/blog/index.php
---
